<?xml version="1.0" encoding="UTF-8"?>
<testsuites name="Mocha Tests" time="0.958" tests="1" failures="0">
  <testsuite name="Root Suite" timestamp="2024-07-02T22:39:35" tests="0" file="cypress/e2e/app.cy.js" time="0.000" failures="0">
  </testsuite>
  <testsuite name="template spec" timestamp="2024-07-02T22:39:35" tests="1" time="0.956" failures="0">
    <testcase name="template spec " time="0.244" classname="">
    </testcase>
  </testsuite>
</testsuites>